<?xml version="1.0" encoding="UTF-8"?>
<!-- Generated by org.testng.reporters.JUnitXMLReporter -->
<testsuite hostname="luyao-PC" name="SmokeTest" tests="2" failures="1" timestamp="5 Mar 2014 05:44:04 GMT" time="64.083" errors="0">
  <testcase name="toInbox" time="14.949" classname="homework1.SmokeTest1"/>
  <testcase name="toOutbox" time="26.644" classname="homework1.SmokeTest2">
    <failure type="java.lang.AssertionError" message="expected [true] but found [false]">
      <![CDATA[java.lang.AssertionError: expected [true] but found [false]
	at homework1.SmokeTest2.toOutbox(SmokeTest2.java:24)
... Removed 28 stack frames]]>
    </failure>
  </testcase> <!-- toOutbox -->
</testsuite> <!-- SmokeTest -->
