<?xml version="1.0" encoding="UTF-8"?>
<!-- Generated by org.testng.reporters.JUnitXMLReporter -->
<testsuite hostname="luyao-PC" name="SmokeTest" tests="3" failures="1" timestamp="7 Mar 2014 02:59:24 GMT" time="101.478" errors="0">
  <testcase name="toInbox" time="25.823" classname="homework1.SmokeTest1"/>
  <testcase name="toOutbox" time="20.484" classname="homework1.SmokeTest2">
    <failure type="java.lang.AssertionError" message="expected [true] but found [false]">
      <![CDATA[java.lang.AssertionError: expected [true] but found [false]
	at homework1.SmokeTest2.toOutbox(SmokeTest2.java:26)
... Removed 28 stack frames]]>
    </failure>
  </testcase> <!-- toOutbox -->
  <testcase name="test" time="3.085" classname="homework1.SmokeTest3"/>
</testsuite> <!-- SmokeTest -->
