<?xml version="1.0" encoding="UTF-8"?>
<!-- Generated by org.testng.reporters.JUnitXMLReporter -->
<testsuite hostname="luyao-PC" name="Default test" tests="1" failures="0" timestamp="12 Mar 2014 08:13:52 GMT" time="0.072" errors="0">
  <testcase name="@BeforeTest prepare" time="0.0" classname="homework2.SmokeTest">
    <failure type="org.testng.TestNGException" message="
Parameter &amp;apos;browsersToExclude&amp;apos; is required by @Configuration on method prepare but has not been marked @Optional or defined
in C:\Users\luyao\AppData\Local\Temp\testng-eclipse-465516786\testng-customsuite.xml">
      <![CDATA[org.testng.TestNGException: 
Parameter 'browsersToExclude' is required by @Configuration on method prepare but has not been marked @Optional or defined
in C:\Users\luyao\AppData\Local\Temp\testng-eclipse-465516786\testng-customsuite.xml
	at org.testng.internal.Parameters.createParameters(Parameters.java:155)
	at org.testng.internal.Parameters.createParameters(Parameters.java:358)
	at org.testng.internal.Parameters.createConfigurationParameters(Parameters.java:86)
	at org.testng.internal.Invoker.invokeConfigurations(Invoker.java:199)
	at org.testng.internal.Invoker.invokeConfigurations(Invoker.java:138)
	at org.testng.TestRunner.beforeRun(TestRunner.java:641)
	at org.testng.TestRunner.run(TestRunner.java:609)
	at org.testng.SuiteRunner.runTest(SuiteRunner.java:334)
	at org.testng.SuiteRunner.runSequentially(SuiteRunner.java:329)
	at org.testng.SuiteRunner.privateRun(SuiteRunner.java:291)
	at org.testng.SuiteRunner.run(SuiteRunner.java:240)
	at org.testng.SuiteRunnerWorker.runSuite(SuiteRunnerWorker.java:52)
	at org.testng.SuiteRunnerWorker.run(SuiteRunnerWorker.java:86)
	at org.testng.TestNG.runSuitesSequentially(TestNG.java:1224)
	at org.testng.TestNG.runSuitesLocally(TestNG.java:1149)
	at org.testng.TestNG.run(TestNG.java:1057)
	at org.testng.remote.RemoteTestNG.run(RemoteTestNG.java:111)
	at org.testng.remote.RemoteTestNG.initAndRun(RemoteTestNG.java:204)
	at org.testng.remote.RemoteTestNG.main(RemoteTestNG.java:175)
]]>
    </failure>
  </testcase> <!-- @BeforeTest prepare -->
  <testcase name="@BeforeClass start" time="0.0" classname="homework2.SmokeTest">
    <skipped/>
  </testcase> <!-- @BeforeClass start -->
  <testcase name="@AfterClass end" time="0.0" classname="homework2.SmokeTest">
    <skipped/>
  </testcase> <!-- @AfterClass end -->
  <testcase name="@AfterTest log" time="0.0" classname="homework2.SmokeTest">
    <skipped/>
  </testcase> <!-- @AfterTest log -->
  <testcase name="test" time="0.005" classname="homework2.SmokeTest">
    <skipped/>
  </testcase> <!-- test -->
</testsuite> <!-- Default test -->
