<?xml version="1.0" encoding="UTF-8"?>
<testng-results skipped="0" failed="1" total="2" passed="1">
  <reporter-output>
  </reporter-output>
  <suite name="HomeWork_One" duration-ms="85249" started-at="2014-03-04T02:19:46Z" finished-at="2014-03-04T02:21:11Z">
    <groups>
    </groups>
    <test name="SmokeTest" duration-ms="85249" started-at="2014-03-04T02:19:46Z" finished-at="2014-03-04T02:21:11Z">
      <class name="homework1.SmokeTest2">
        <test-method status="PASS" signature="start()[pri:0, instance:homework1.SmokeTest2@6b293ce0]" name="start" is-config="true" duration-ms="6267" started-at="2014-03-04T10:20:56Z" finished-at="2014-03-04T10:21:03Z">
          <reporter-output>
          </reporter-output>
        </test-method> <!-- start -->
        <test-method status="FAIL" signature="toOutbox()[pri:0, instance:homework1.SmokeTest2@6b293ce0]" name="toOutbox" duration-ms="8300" started-at="2014-03-04T10:21:03Z" finished-at="2014-03-04T10:21:11Z">
          <exception class="org.openqa.selenium.NoSuchElementException">
            <message>
              <![CDATA[Could not find element: {"using":"xpath","value":"//*[@title='已发送' and contains(@class, 'selected')]"} (WARNING: The server did not provide any stacktrace information)
Command duration or timeout: 23 milliseconds
For documentation on this error, please visit: http://seleniumhq.org/exceptions/no_such_element.html
Build info: version: '2.40.0', revision: '4c5c0568b004f67810ee41c459549aa4b09c651e', time: '2014-02-19 11:13:01'
System info: host: 'luyao-PC', ip: '192.168.22.136', os.name: 'Windows 7', os.arch: 'amd64', os.version: '6.1', java.version: '1.7.0_51'
Session ID: null
Driver info: org.openqa.selenium.safari.SafariDriver
Capabilities [{platform=WINDOWS, cssSelectorsEnabled=true, javascriptEnabled=true, secureSsl=true, browserName=safari, takesScreenshot=true, version=5.1.7}]]]>
            </message>
            <full-stacktrace>
              <![CDATA[org.openqa.selenium.NoSuchElementException: Could not find element: {"using":"xpath","value":"//*[@title='已发送' and contains(@class, 'selected')]"} (WARNING: The server did not provide any stacktrace information)
Command duration or timeout: 23 milliseconds
For documentation on this error, please visit: http://seleniumhq.org/exceptions/no_such_element.html
Build info: version: '2.40.0', revision: '4c5c0568b004f67810ee41c459549aa4b09c651e', time: '2014-02-19 11:13:01'
System info: host: 'luyao-PC', ip: '192.168.22.136', os.name: 'Windows 7', os.arch: 'amd64', os.version: '6.1', java.version: '1.7.0_51'
Session ID: null
Driver info: org.openqa.selenium.safari.SafariDriver
Capabilities [{platform=WINDOWS, cssSelectorsEnabled=true, javascriptEnabled=true, secureSsl=true, browserName=safari, takesScreenshot=true, version=5.1.7}]
	at sun.reflect.NativeConstructorAccessorImpl.newInstance0(Native Method)
	at sun.reflect.NativeConstructorAccessorImpl.newInstance(NativeConstructorAccessorImpl.java:57)
	at sun.reflect.DelegatingConstructorAccessorImpl.newInstance(DelegatingConstructorAccessorImpl.java:45)
	at java.lang.reflect.Constructor.newInstance(Constructor.java:526)
	at org.openqa.selenium.remote.ErrorHandler.createThrowable(ErrorHandler.java:193)
	at org.openqa.selenium.remote.ErrorHandler.throwIfResponseFailed(ErrorHandler.java:145)
	at org.openqa.selenium.remote.RemoteWebDriver.execute(RemoteWebDriver.java:573)
	at org.openqa.selenium.remote.RemoteWebDriver.findElement(RemoteWebDriver.java:326)
	at org.openqa.selenium.remote.RemoteWebDriver.findElementByXPath(RemoteWebDriver.java:423)
	at org.openqa.selenium.By$ByXPath.findElement(By.java:357)
	at org.openqa.selenium.remote.RemoteWebDriver.findElement(RemoteWebDriver.java:318)
	at homework1.Action.verify(Action.java:62)
	at homework1.SmokeTest2.toOutbox(SmokeTest2.java:19)
	at sun.reflect.NativeMethodAccessorImpl.invoke0(Native Method)
	at sun.reflect.NativeMethodAccessorImpl.invoke(NativeMethodAccessorImpl.java:57)
	at sun.reflect.DelegatingMethodAccessorImpl.invoke(DelegatingMethodAccessorImpl.java:43)
	at java.lang.reflect.Method.invoke(Method.java:606)
	at org.testng.internal.MethodInvocationHelper.invokeMethod(MethodInvocationHelper.java:84)
	at org.testng.internal.Invoker.invokeMethod(Invoker.java:714)
	at org.testng.internal.Invoker.invokeTestMethod(Invoker.java:901)
	at org.testng.internal.Invoker.invokeTestMethods(Invoker.java:1231)
	at org.testng.internal.TestMethodWorker.invokeTestMethods(TestMethodWorker.java:127)
	at org.testng.internal.TestMethodWorker.run(TestMethodWorker.java:111)
	at org.testng.TestRunner.privateRun(TestRunner.java:767)
	at org.testng.TestRunner.run(TestRunner.java:617)
	at org.testng.SuiteRunner.runTest(SuiteRunner.java:334)
	at org.testng.SuiteRunner.runSequentially(SuiteRunner.java:329)
	at org.testng.SuiteRunner.privateRun(SuiteRunner.java:291)
	at org.testng.SuiteRunner.run(SuiteRunner.java:240)
	at org.testng.SuiteRunnerWorker.runSuite(SuiteRunnerWorker.java:52)
	at org.testng.SuiteRunnerWorker.run(SuiteRunnerWorker.java:86)
	at org.testng.TestNG.runSuitesSequentially(TestNG.java:1224)
	at org.testng.TestNG.runSuitesLocally(TestNG.java:1149)
	at org.testng.TestNG.run(TestNG.java:1057)
	at org.testng.remote.RemoteTestNG.run(RemoteTestNG.java:111)
	at org.testng.remote.RemoteTestNG.initAndRun(RemoteTestNG.java:204)
	at org.testng.remote.RemoteTestNG.main(RemoteTestNG.java:175)
]]>
            </full-stacktrace>
          </exception> <!-- org.openqa.selenium.NoSuchElementException -->
          <reporter-output>
          </reporter-output>
        </test-method> <!-- toOutbox -->
        <test-method status="PASS" signature="end()[pri:0, instance:homework1.SmokeTest2@6b293ce0]" name="end" is-config="true" duration-ms="125" started-at="2014-03-04T10:21:11Z" finished-at="2014-03-04T10:21:11Z">
          <reporter-output>
          </reporter-output>
        </test-method> <!-- end -->
      </class> <!-- homework1.SmokeTest2 -->
      <class name="homework1.SmokeTest1">
        <test-method status="PASS" signature="start()[pri:0, instance:homework1.SmokeTest1@32932bc1]" name="start" is-config="true" duration-ms="36383" started-at="2014-03-04T10:19:46Z" finished-at="2014-03-04T10:20:22Z">
          <reporter-output>
          </reporter-output>
        </test-method> <!-- start -->
        <test-method status="PASS" signature="toInbox()[pri:0, instance:homework1.SmokeTest1@32932bc1]" name="toInbox" duration-ms="32533" started-at="2014-03-04T10:20:22Z" finished-at="2014-03-04T10:20:55Z">
          <reporter-output>
          </reporter-output>
        </test-method> <!-- toInbox -->
        <test-method status="PASS" signature="end()[pri:0, instance:homework1.SmokeTest1@32932bc1]" name="end" is-config="true" duration-ms="1604" started-at="2014-03-04T10:20:55Z" finished-at="2014-03-04T10:20:56Z">
          <reporter-output>
          </reporter-output>
        </test-method> <!-- end -->
      </class> <!-- homework1.SmokeTest1 -->
    </test> <!-- SmokeTest -->
  </suite> <!-- HomeWork_One -->
</testng-results>
